2025-06-02T15:26:01.841+08:00  INFO 1 --- [file-service] [main] com.hunric.FileServiceApplication        : Starting FileServiceApplication v0.0.1-SNAPSHOT using Java 17.0.2 with PID 1 (/app/app.jar started by appuser in /app)
2025-06-02T15:26:01.845+08:00  INFO 1 --- [file-service] [main] com.hunric.FileServiceApplication        : The following 1 profile is active: "docker"
2025-06-02T15:26:03.167+08:00  INFO 1 --- [file-service] [main] .s.d.r.c.RepositoryConfigurationDelegate : Multiple Spring Data modules found, entering strict repository configuration mode
2025-06-02T15:26:03.173+08:00  INFO 1 --- [file-service] [main] .s.d.r.c.RepositoryConfigurationDelegate : Bootstrapping Spring Data Redis repositories in DEFAULT mode.
2025-06-02T15:26:03.240+08:00  INFO 1 --- [file-service] [main] .s.d.r.c.RepositoryConfigurationDelegate : Finished Spring Data repository scanning in 22 ms. Found 0 Redis repository interfaces.
2025-06-02T15:26:03.980+08:00  INFO 1 --- [file-service] [main] o.s.b.w.embedded.tomcat.TomcatWebServer  : Tomcat initialized with port 8082 (http)
2025-06-02T15:26:04.003+08:00  INFO 1 --- [file-service] [main] o.apache.catalina.core.StandardService   : Starting service [Tomcat]
2025-06-02T15:26:04.006+08:00  INFO 1 --- [file-service] [main] o.apache.catalina.core.StandardEngine    : Starting Servlet engine: [Apache Tomcat/10.1.40]
2025-06-02T15:26:04.059+08:00  INFO 1 --- [file-service] [main] o.a.c.c.C.[Tomcat].[localhost].[/]       : Initializing Spring embedded WebApplicationContext
2025-06-02T15:26:04.060+08:00  INFO 1 --- [file-service] [main] w.s.c.ServletWebServerApplicationContext : Root WebApplicationContext: initialization completed in 2165 ms
2025-06-02T15:26:04.908+08:00  WARN 1 --- [file-service] [main] .s.s.UserDetailsServiceAutoConfiguration : 

Using generated security password: b3375aac-90c9-4714-b3c5-a8bd5f1c1653

This generated password is for development use only. Your security configuration must be updated before running your application in production.

2025-06-02T15:26:04.939+08:00  INFO 1 --- [file-service] [main] r$InitializeUserDetailsManagerConfigurer : Global AuthenticationManager configured with UserDetailsService bean with name inMemoryUserDetailsManager
2025-06-02T15:26:05.309+08:00  INFO 1 --- [file-service] [main] o.s.b.a.e.web.EndpointLinksResolver      : Exposing 3 endpoints beneath base path '/actuator'
2025-06-02T15:26:05.852+08:00  INFO 1 --- [file-service] [main] o.s.b.w.embedded.tomcat.TomcatWebServer  : Tomcat started on port 8082 (http) with context path '/'
2025-06-02T15:26:05.869+08:00  INFO 1 --- [file-service] [main] com.hunric.FileServiceApplication        : Started FileServiceApplication in 4.712 seconds (process running for 5.247)
2025-06-02T15:26:10.794+08:00  INFO 1 --- [file-service] [http-nio-8082-exec-1] o.a.c.c.C.[Tomcat].[localhost].[/]       : Initializing Spring DispatcherServlet 'dispatcherServlet'
2025-06-02T15:29:02.822+08:00  INFO 1 --- [file-service] [SpringApplicationShutdownHook] o.s.b.w.e.tomcat.GracefulShutdown        : Commencing graceful shutdown. Waiting for active requests to complete
2025-06-02T15:29:02.833+08:00  INFO 1 --- [file-service] [tomcat-shutdown] o.s.b.w.e.tomcat.GracefulShutdown        : Graceful shutdown complete
2025-06-02T15:29:55.198+08:00  INFO 1 --- [file-service] [main] com.hunric.FileServiceApplication        : Starting FileServiceApplication v0.0.1-SNAPSHOT using Java 17.0.2 with PID 1 (/app/app.jar started by appuser in /app)
2025-06-02T15:29:55.201+08:00  INFO 1 --- [file-service] [main] com.hunric.FileServiceApplication        : The following 1 profile is active: "docker"
2025-06-02T15:29:56.340+08:00  INFO 1 --- [file-service] [main] .s.d.r.c.RepositoryConfigurationDelegate : Multiple Spring Data modules found, entering strict repository configuration mode
2025-06-02T15:29:56.343+08:00  INFO 1 --- [file-service] [main] .s.d.r.c.RepositoryConfigurationDelegate : Bootstrapping Spring Data Redis repositories in DEFAULT mode.
2025-06-02T15:29:56.374+08:00  INFO 1 --- [file-service] [main] .s.d.r.c.RepositoryConfigurationDelegate : Finished Spring Data repository scanning in 14 ms. Found 0 Redis repository interfaces.
2025-06-02T15:29:56.906+08:00  INFO 1 --- [file-service] [main] o.s.b.w.embedded.tomcat.TomcatWebServer  : Tomcat initialized with port 8082 (http)
2025-06-02T15:29:56.918+08:00  INFO 1 --- [file-service] [main] o.apache.catalina.core.StandardService   : Starting service [Tomcat]
2025-06-02T15:29:56.919+08:00  INFO 1 --- [file-service] [main] o.apache.catalina.core.StandardEngine    : Starting Servlet engine: [Apache Tomcat/10.1.40]
2025-06-02T15:29:56.957+08:00  INFO 1 --- [file-service] [main] o.a.c.c.C.[Tomcat].[localhost].[/]       : Initializing Spring embedded WebApplicationContext
2025-06-02T15:29:56.959+08:00  INFO 1 --- [file-service] [main] w.s.c.ServletWebServerApplicationContext : Root WebApplicationContext: initialization completed in 1702 ms
2025-06-02T15:29:57.759+08:00  WARN 1 --- [file-service] [main] .s.s.UserDetailsServiceAutoConfiguration : 

Using generated security password: ffb06057-299f-49af-a6ac-2c8a47466c34

This generated password is for development use only. Your security configuration must be updated before running your application in production.

2025-06-02T15:29:57.791+08:00  INFO 1 --- [file-service] [main] r$InitializeUserDetailsManagerConfigurer : Global AuthenticationManager configured with UserDetailsService bean with name inMemoryUserDetailsManager
2025-06-02T15:29:58.164+08:00  INFO 1 --- [file-service] [main] o.s.b.a.e.web.EndpointLinksResolver      : Exposing 3 endpoints beneath base path '/actuator'
2025-06-02T15:29:58.717+08:00  INFO 1 --- [file-service] [main] o.s.b.w.embedded.tomcat.TomcatWebServer  : Tomcat started on port 8082 (http) with context path '/'
2025-06-02T15:29:58.733+08:00  INFO 1 --- [file-service] [main] com.hunric.FileServiceApplication        : Started FileServiceApplication in 4.197 seconds (process running for 4.746)
2025-06-02T15:29:59.096+08:00  INFO 1 --- [file-service] [http-nio-8082-exec-1] o.a.c.c.C.[Tomcat].[localhost].[/]       : Initializing Spring DispatcherServlet 'dispatcherServlet'
2025-06-02T15:39:23.992+08:00  INFO 1 --- [file-service] [SpringApplicationShutdownHook] o.s.b.w.e.tomcat.GracefulShutdown        : Commencing graceful shutdown. Waiting for active requests to complete
2025-06-02T15:39:23.998+08:00  INFO 1 --- [file-service] [tomcat-shutdown] o.s.b.w.e.tomcat.GracefulShutdown        : Graceful shutdown complete
2025-06-02T15:44:48.340+08:00  INFO 1 --- [file-service] [main] com.hunric.FileServiceApplication        : Starting FileServiceApplication v0.0.1-SNAPSHOT using Java 17.0.2 with PID 1 (/app/app.jar started by appuser in /app)
2025-06-02T15:44:48.345+08:00  INFO 1 --- [file-service] [main] com.hunric.FileServiceApplication        : The following 1 profile is active: "docker"
2025-06-02T15:44:49.882+08:00  INFO 1 --- [file-service] [main] .s.d.r.c.RepositoryConfigurationDelegate : Multiple Spring Data modules found, entering strict repository configuration mode
2025-06-02T15:44:49.887+08:00  INFO 1 --- [file-service] [main] .s.d.r.c.RepositoryConfigurationDelegate : Bootstrapping Spring Data Redis repositories in DEFAULT mode.
2025-06-02T15:44:49.930+08:00  INFO 1 --- [file-service] [main] .s.d.r.c.RepositoryConfigurationDelegate : Finished Spring Data repository scanning in 20 ms. Found 0 Redis repository interfaces.
2025-06-02T15:44:50.581+08:00  INFO 1 --- [file-service] [main] o.s.b.w.embedded.tomcat.TomcatWebServer  : Tomcat initialized with port 8082 (http)
2025-06-02T15:44:50.605+08:00  INFO 1 --- [file-service] [main] o.apache.catalina.core.StandardService   : Starting service [Tomcat]
2025-06-02T15:44:50.607+08:00  INFO 1 --- [file-service] [main] o.apache.catalina.core.StandardEngine    : Starting Servlet engine: [Apache Tomcat/10.1.40]
2025-06-02T15:44:50.657+08:00  INFO 1 --- [file-service] [main] o.a.c.c.C.[Tomcat].[localhost].[/]       : Initializing Spring embedded WebApplicationContext
2025-06-02T15:44:50.658+08:00  INFO 1 --- [file-service] [main] w.s.c.ServletWebServerApplicationContext : Root WebApplicationContext: initialization completed in 2245 ms
2025-06-02T15:44:51.695+08:00  WARN 1 --- [file-service] [main] .s.s.UserDetailsServiceAutoConfiguration : 

Using generated security password: 7dee35a9-f361-4c5d-bd50-427d5a6dc819

This generated password is for development use only. Your security configuration must be updated before running your application in production.

2025-06-02T15:44:51.752+08:00  INFO 1 --- [file-service] [main] r$InitializeUserDetailsManagerConfigurer : Global AuthenticationManager configured with UserDetailsService bean with name inMemoryUserDetailsManager
2025-06-02T15:44:52.232+08:00  INFO 1 --- [file-service] [main] o.s.b.a.e.web.EndpointLinksResolver      : Exposing 3 endpoints beneath base path '/actuator'
2025-06-02T15:44:52.950+08:00  INFO 1 --- [file-service] [main] o.s.b.w.embedded.tomcat.TomcatWebServer  : Tomcat started on port 8082 (http) with context path '/'
2025-06-02T15:44:52.974+08:00  INFO 1 --- [file-service] [main] com.hunric.FileServiceApplication        : Started FileServiceApplication in 5.449 seconds (process running for 6.157)
2025-06-02T15:44:57.128+08:00  INFO 1 --- [file-service] [http-nio-8082-exec-1] o.a.c.c.C.[Tomcat].[localhost].[/]       : Initializing Spring DispatcherServlet 'dispatcherServlet'
2025-06-02T16:04:14.407+08:00  INFO 1 --- [file-service] [main] com.hunric.FileServiceApplication        : Starting FileServiceApplication v0.0.1-SNAPSHOT using Java 17.0.2 with PID 1 (/app/app.jar started by appuser in /app)
2025-06-02T16:04:14.412+08:00  INFO 1 --- [file-service] [main] com.hunric.FileServiceApplication        : The following 1 profile is active: "docker"
2025-06-02T16:04:16.051+08:00  INFO 1 --- [file-service] [main] .s.d.r.c.RepositoryConfigurationDelegate : Multiple Spring Data modules found, entering strict repository configuration mode
2025-06-02T16:04:16.055+08:00  INFO 1 --- [file-service] [main] .s.d.r.c.RepositoryConfigurationDelegate : Bootstrapping Spring Data Redis repositories in DEFAULT mode.
2025-06-02T16:04:16.103+08:00  INFO 1 --- [file-service] [main] .s.d.r.c.RepositoryConfigurationDelegate : Finished Spring Data repository scanning in 23 ms. Found 0 Redis repository interfaces.
2025-06-02T16:04:16.760+08:00  INFO 1 --- [file-service] [main] o.s.b.w.embedded.tomcat.TomcatWebServer  : Tomcat initialized with port 8082 (http)
2025-06-02T16:04:16.787+08:00  INFO 1 --- [file-service] [main] o.apache.catalina.core.StandardService   : Starting service [Tomcat]
2025-06-02T16:04:16.790+08:00  INFO 1 --- [file-service] [main] o.apache.catalina.core.StandardEngine    : Starting Servlet engine: [Apache Tomcat/10.1.40]
2025-06-02T16:04:16.847+08:00  INFO 1 --- [file-service] [main] o.a.c.c.C.[Tomcat].[localhost].[/]       : Initializing Spring embedded WebApplicationContext
2025-06-02T16:04:16.848+08:00  INFO 1 --- [file-service] [main] w.s.c.ServletWebServerApplicationContext : Root WebApplicationContext: initialization completed in 2350 ms
2025-06-02T16:04:17.869+08:00  WARN 1 --- [file-service] [main] .s.s.UserDetailsServiceAutoConfiguration : 

Using generated security password: c10d8b7a-7c75-4421-884d-7da242ebb751

This generated password is for development use only. Your security configuration must be updated before running your application in production.

2025-06-02T16:04:17.919+08:00  INFO 1 --- [file-service] [main] r$InitializeUserDetailsManagerConfigurer : Global AuthenticationManager configured with UserDetailsService bean with name inMemoryUserDetailsManager
2025-06-02T16:04:18.351+08:00  INFO 1 --- [file-service] [main] o.s.b.a.e.web.EndpointLinksResolver      : Exposing 3 endpoints beneath base path '/actuator'
2025-06-02T16:04:19.087+08:00  INFO 1 --- [file-service] [main] o.s.b.w.embedded.tomcat.TomcatWebServer  : Tomcat started on port 8082 (http) with context path '/'
2025-06-02T16:04:19.109+08:00  INFO 1 --- [file-service] [main] com.hunric.FileServiceApplication        : Started FileServiceApplication in 5.734 seconds (process running for 7.304)
2025-06-02T16:04:22.047+08:00  INFO 1 --- [file-service] [http-nio-8082-exec-1] o.a.c.c.C.[Tomcat].[localhost].[/]       : Initializing Spring DispatcherServlet 'dispatcherServlet'
2025-06-02T16:04:26.160+08:00  INFO 1 --- [file-service] [SpringApplicationShutdownHook] o.s.b.w.e.tomcat.GracefulShutdown        : Commencing graceful shutdown. Waiting for active requests to complete
2025-06-02T16:04:26.168+08:00  INFO 1 --- [file-service] [tomcat-shutdown] o.s.b.w.e.tomcat.GracefulShutdown        : Graceful shutdown complete
2025-06-02T16:21:04.906+08:00  INFO 1 --- [file-service] [main] com.hunric.FileServiceApplication        : Starting FileServiceApplication v0.0.1-SNAPSHOT using Java 17.0.2 with PID 1 (/app/app.jar started by appuser in /app)
2025-06-02T16:21:04.911+08:00  INFO 1 --- [file-service] [main] com.hunric.FileServiceApplication        : The following 1 profile is active: "docker"
2025-06-02T16:21:06.192+08:00  INFO 1 --- [file-service] [main] .s.d.r.c.RepositoryConfigurationDelegate : Multiple Spring Data modules found, entering strict repository configuration mode
2025-06-02T16:21:06.196+08:00  INFO 1 --- [file-service] [main] .s.d.r.c.RepositoryConfigurationDelegate : Bootstrapping Spring Data Redis repositories in DEFAULT mode.
2025-06-02T16:21:06.238+08:00  INFO 1 --- [file-service] [main] .s.d.r.c.RepositoryConfigurationDelegate : Finished Spring Data repository scanning in 13 ms. Found 0 Redis repository interfaces.
2025-06-02T16:21:06.909+08:00  INFO 1 --- [file-service] [main] o.s.b.w.embedded.tomcat.TomcatWebServer  : Tomcat initialized with port 8082 (http)
2025-06-02T16:21:06.930+08:00  INFO 1 --- [file-service] [main] o.apache.catalina.core.StandardService   : Starting service [Tomcat]
2025-06-02T16:21:06.931+08:00  INFO 1 --- [file-service] [main] o.apache.catalina.core.StandardEngine    : Starting Servlet engine: [Apache Tomcat/10.1.40]
2025-06-02T16:21:06.977+08:00  INFO 1 --- [file-service] [main] o.a.c.c.C.[Tomcat].[localhost].[/]       : Initializing Spring embedded WebApplicationContext
2025-06-02T16:21:06.978+08:00  INFO 1 --- [file-service] [main] w.s.c.ServletWebServerApplicationContext : Root WebApplicationContext: initialization completed in 2004 ms
2025-06-02T16:21:06.728+08:00  WARN 1 --- [file-service] [main] .s.s.UserDetailsServiceAutoConfiguration : 

Using generated security password: b08fe0fb-6eab-43b6-8100-45ecfef69734

This generated password is for development use only. Your security configuration must be updated before running your application in production.

2025-06-02T16:21:06.771+08:00  INFO 1 --- [file-service] [main] r$InitializeUserDetailsManagerConfigurer : Global AuthenticationManager configured with UserDetailsService bean with name inMemoryUserDetailsManager
2025-06-02T16:21:07.148+08:00  INFO 1 --- [file-service] [main] o.s.b.a.e.web.EndpointLinksResolver      : Exposing 3 endpoints beneath base path '/actuator'
2025-06-02T16:21:07.757+08:00  INFO 1 --- [file-service] [main] o.s.b.w.embedded.tomcat.TomcatWebServer  : Tomcat started on port 8082 (http) with context path '/'
2025-06-02T16:21:07.778+08:00  INFO 1 --- [file-service] [main] com.hunric.FileServiceApplication        : Started FileServiceApplication in 3.728 seconds (process running for 5.666)
2025-06-02T16:21:12.350+08:00  INFO 1 --- [file-service] [http-nio-8082-exec-1] o.a.c.c.C.[Tomcat].[localhost].[/]       : Initializing Spring DispatcherServlet 'dispatcherServlet'
2025-06-02T16:26:40.841+08:00  INFO 1 --- [file-service] [SpringApplicationShutdownHook] o.s.b.w.e.tomcat.GracefulShutdown        : Commencing graceful shutdown. Waiting for active requests to complete
2025-06-02T16:26:40.852+08:00  INFO 1 --- [file-service] [tomcat-shutdown] o.s.b.w.e.tomcat.GracefulShutdown        : Graceful shutdown complete
2025-06-02T16:28:24.473+08:00  INFO 1 --- [file-service] [main] com.hunric.FileServiceApplication        : Starting FileServiceApplication v0.0.1-SNAPSHOT using Java 17.0.2 with PID 1 (/app/app.jar started by appuser in /app)
2025-06-02T16:28:24.476+08:00  INFO 1 --- [file-service] [main] com.hunric.FileServiceApplication        : The following 1 profile is active: "docker"
2025-06-02T16:28:25.845+08:00  INFO 1 --- [file-service] [main] .s.d.r.c.RepositoryConfigurationDelegate : Multiple Spring Data modules found, entering strict repository configuration mode
2025-06-02T16:28:25.851+08:00  INFO 1 --- [file-service] [main] .s.d.r.c.RepositoryConfigurationDelegate : Bootstrapping Spring Data Redis repositories in DEFAULT mode.
2025-06-02T16:28:25.897+08:00  INFO 1 --- [file-service] [main] .s.d.r.c.RepositoryConfigurationDelegate : Finished Spring Data repository scanning in 18 ms. Found 0 Redis repository interfaces.
2025-06-02T16:28:26.547+08:00  INFO 1 --- [file-service] [main] o.s.b.w.embedded.tomcat.TomcatWebServer  : Tomcat initialized with port 8082 (http)
2025-06-02T16:28:26.570+08:00  INFO 1 --- [file-service] [main] o.apache.catalina.core.StandardService   : Starting service [Tomcat]
2025-06-02T16:28:26.571+08:00  INFO 1 --- [file-service] [main] o.apache.catalina.core.StandardEngine    : Starting Servlet engine: [Apache Tomcat/10.1.40]
2025-06-02T16:28:26.622+08:00  INFO 1 --- [file-service] [main] o.a.c.c.C.[Tomcat].[localhost].[/]       : Initializing Spring embedded WebApplicationContext
2025-06-02T16:28:26.624+08:00  INFO 1 --- [file-service] [main] w.s.c.ServletWebServerApplicationContext : Root WebApplicationContext: initialization completed in 2085 ms
2025-06-02T16:28:27.605+08:00  WARN 1 --- [file-service] [main] .s.s.UserDetailsServiceAutoConfiguration : 

Using generated security password: 188b59d8-afc6-47a8-965b-364bf3340d5f

This generated password is for development use only. Your security configuration must be updated before running your application in production.

2025-06-02T16:28:27.633+08:00  INFO 1 --- [file-service] [main] r$InitializeUserDetailsManagerConfigurer : Global AuthenticationManager configured with UserDetailsService bean with name inMemoryUserDetailsManager
2025-06-02T16:28:28.045+08:00  INFO 1 --- [file-service] [main] o.s.b.a.e.web.EndpointLinksResolver      : Exposing 3 endpoints beneath base path '/actuator'
2025-06-02T16:28:28.624+08:00  INFO 1 --- [file-service] [main] o.s.b.w.embedded.tomcat.TomcatWebServer  : Tomcat started on port 8082 (http) with context path '/'
2025-06-02T16:28:28.642+08:00  INFO 1 --- [file-service] [main] com.hunric.FileServiceApplication        : Started FileServiceApplication in 5.001 seconds (process running for 5.644)
2025-06-02T16:28:33.249+08:00  INFO 1 --- [file-service] [http-nio-8082-exec-1] o.a.c.c.C.[Tomcat].[localhost].[/]       : Initializing Spring DispatcherServlet 'dispatcherServlet'
2025-06-02T16:31:24.409+08:00  INFO 1 --- [file-service] [SpringApplicationShutdownHook] o.s.b.w.e.tomcat.GracefulShutdown        : Commencing graceful shutdown. Waiting for active requests to complete
2025-06-02T16:31:24.419+08:00  INFO 1 --- [file-service] [tomcat-shutdown] o.s.b.w.e.tomcat.GracefulShutdown        : Graceful shutdown complete
2025-06-02T16:32:52.414+08:00  INFO 1 --- [file-service] [main] com.hunric.FileServiceApplication        : Starting FileServiceApplication v0.0.1-SNAPSHOT using Java 17.0.2 with PID 1 (/app/app.jar started by appuser in /app)
2025-06-02T16:32:52.418+08:00  INFO 1 --- [file-service] [main] com.hunric.FileServiceApplication        : The following 1 profile is active: "docker"
2025-06-02T16:32:53.793+08:00  INFO 1 --- [file-service] [main] .s.d.r.c.RepositoryConfigurationDelegate : Multiple Spring Data modules found, entering strict repository configuration mode
2025-06-02T16:32:53.796+08:00  INFO 1 --- [file-service] [main] .s.d.r.c.RepositoryConfigurationDelegate : Bootstrapping Spring Data Redis repositories in DEFAULT mode.
2025-06-02T16:32:53.833+08:00  INFO 1 --- [file-service] [main] .s.d.r.c.RepositoryConfigurationDelegate : Finished Spring Data repository scanning in 15 ms. Found 0 Redis repository interfaces.
2025-06-02T16:32:53.002+08:00  INFO 1 --- [file-service] [main] o.s.b.w.embedded.tomcat.TomcatWebServer  : Tomcat initialized with port 8082 (http)
2025-06-02T16:32:53.026+08:00  INFO 1 --- [file-service] [main] o.apache.catalina.core.StandardService   : Starting service [Tomcat]
2025-06-02T16:32:53.027+08:00  INFO 1 --- [file-service] [main] o.apache.catalina.core.StandardEngine    : Starting Servlet engine: [Apache Tomcat/10.1.40]
2025-06-02T16:32:53.082+08:00  INFO 1 --- [file-service] [main] o.a.c.c.C.[Tomcat].[localhost].[/]       : Initializing Spring embedded WebApplicationContext
2025-06-02T16:32:53.083+08:00  INFO 1 --- [file-service] [main] w.s.c.ServletWebServerApplicationContext : Root WebApplicationContext: initialization completed in 614 ms
2025-06-02T16:32:54.199+08:00  WARN 1 --- [file-service] [main] .s.s.UserDetailsServiceAutoConfiguration : 

Using generated security password: dfe8e8af-0ad0-4de1-8040-3a6aef06d29d

This generated password is for development use only. Your security configuration must be updated before running your application in production.

2025-06-02T16:32:54.234+08:00  INFO 1 --- [file-service] [main] r$InitializeUserDetailsManagerConfigurer : Global AuthenticationManager configured with UserDetailsService bean with name inMemoryUserDetailsManager
2025-06-02T16:32:54.701+08:00  INFO 1 --- [file-service] [main] o.s.b.a.e.web.EndpointLinksResolver      : Exposing 3 endpoints beneath base path '/actuator'
2025-06-02T16:32:55.416+08:00  INFO 1 --- [file-service] [main] o.s.b.w.embedded.tomcat.TomcatWebServer  : Tomcat started on port 8082 (http) with context path '/'
2025-06-02T16:32:55.438+08:00  INFO 1 --- [file-service] [main] com.hunric.FileServiceApplication        : Started FileServiceApplication in 3.881 seconds (process running for 5.969)
2025-06-02T16:32:59.731+08:00  INFO 1 --- [file-service] [http-nio-8082-exec-1] o.a.c.c.C.[Tomcat].[localhost].[/]       : Initializing Spring DispatcherServlet 'dispatcherServlet'
2025-06-02T16:33:02.061+08:00  INFO 1 --- [file-service] [SpringApplicationShutdownHook] o.s.b.w.e.tomcat.GracefulShutdown        : Commencing graceful shutdown. Waiting for active requests to complete
2025-06-02T16:33:02.067+08:00  INFO 1 --- [file-service] [tomcat-shutdown] o.s.b.w.e.tomcat.GracefulShutdown        : Graceful shutdown complete
2025-06-02T16:34:20.101+08:00  INFO 1 --- [file-service] [main] com.hunric.FileServiceApplication        : Starting FileServiceApplication v0.0.1-SNAPSHOT using Java 17.0.2 with PID 1 (/app/app.jar started by appuser in /app)
2025-06-02T16:34:20.104+08:00  INFO 1 --- [file-service] [main] com.hunric.FileServiceApplication        : The following 1 profile is active: "docker"
2025-06-02T16:34:21.490+08:00  INFO 1 --- [file-service] [main] .s.d.r.c.RepositoryConfigurationDelegate : Multiple Spring Data modules found, entering strict repository configuration mode
2025-06-02T16:34:21.493+08:00  INFO 1 --- [file-service] [main] .s.d.r.c.RepositoryConfigurationDelegate : Bootstrapping Spring Data Redis repositories in DEFAULT mode.
2025-06-02T16:34:21.541+08:00  INFO 1 --- [file-service] [main] .s.d.r.c.RepositoryConfigurationDelegate : Finished Spring Data repository scanning in 19 ms. Found 0 Redis repository interfaces.
2025-06-02T16:34:22.150+08:00  INFO 1 --- [file-service] [main] o.s.b.w.embedded.tomcat.TomcatWebServer  : Tomcat initialized with port 8082 (http)
2025-06-02T16:34:22.176+08:00  INFO 1 --- [file-service] [main] o.apache.catalina.core.StandardService   : Starting service [Tomcat]
2025-06-02T16:34:22.177+08:00  INFO 1 --- [file-service] [main] o.apache.catalina.core.StandardEngine    : Starting Servlet engine: [Apache Tomcat/10.1.40]
2025-06-02T16:34:22.245+08:00  INFO 1 --- [file-service] [main] o.a.c.c.C.[Tomcat].[localhost].[/]       : Initializing Spring embedded WebApplicationContext
2025-06-02T16:34:22.246+08:00  INFO 1 --- [file-service] [main] w.s.c.ServletWebServerApplicationContext : Root WebApplicationContext: initialization completed in 2091 ms
2025-06-02T16:34:23.097+08:00  WARN 1 --- [file-service] [main] .s.s.UserDetailsServiceAutoConfiguration : 

Using generated security password: 37d49e58-dfc8-49cf-ac1b-a09922c4a147

This generated password is for development use only. Your security configuration must be updated before running your application in production.

2025-06-02T16:34:23.129+08:00  INFO 1 --- [file-service] [main] r$InitializeUserDetailsManagerConfigurer : Global AuthenticationManager configured with UserDetailsService bean with name inMemoryUserDetailsManager
2025-06-02T16:34:23.508+08:00  INFO 1 --- [file-service] [main] o.s.b.a.e.web.EndpointLinksResolver      : Exposing 3 endpoints beneath base path '/actuator'
2025-06-02T16:34:24.136+08:00  INFO 1 --- [file-service] [main] o.s.b.w.embedded.tomcat.TomcatWebServer  : Tomcat started on port 8082 (http) with context path '/'
2025-06-02T16:34:24.156+08:00  INFO 1 --- [file-service] [main] com.hunric.FileServiceApplication        : Started FileServiceApplication in 4.86 seconds (process running for 5.465)
2025-06-02T16:34:28.864+08:00  INFO 1 --- [file-service] [http-nio-8082-exec-1] o.a.c.c.C.[Tomcat].[localhost].[/]       : Initializing Spring DispatcherServlet 'dispatcherServlet'
2025-06-02T16:41:30.007+08:00  INFO 1 --- [file-service] [SpringApplicationShutdownHook] o.s.b.w.e.tomcat.GracefulShutdown        : Commencing graceful shutdown. Waiting for active requests to complete
2025-06-02T16:41:30.019+08:00  INFO 1 --- [file-service] [tomcat-shutdown] o.s.b.w.e.tomcat.GracefulShutdown        : Graceful shutdown complete
2025-06-02T16:44:05.996+08:00  INFO 1 --- [file-service] [main] com.hunric.FileServiceApplication        : Starting FileServiceApplication v0.0.1-SNAPSHOT using Java 17.0.2 with PID 1 (/app/app.jar started by appuser in /app)
2025-06-02T16:44:06.001+08:00  INFO 1 --- [file-service] [main] com.hunric.FileServiceApplication        : The following 1 profile is active: "docker"
2025-06-02T16:44:07.316+08:00  INFO 1 --- [file-service] [main] .s.d.r.c.RepositoryConfigurationDelegate : Multiple Spring Data modules found, entering strict repository configuration mode
2025-06-02T16:44:07.320+08:00  INFO 1 --- [file-service] [main] .s.d.r.c.RepositoryConfigurationDelegate : Bootstrapping Spring Data Redis repositories in DEFAULT mode.
2025-06-02T16:44:07.367+08:00  INFO 1 --- [file-service] [main] .s.d.r.c.RepositoryConfigurationDelegate : Finished Spring Data repository scanning in 25 ms. Found 0 Redis repository interfaces.
2025-06-02T16:44:08.017+08:00  INFO 1 --- [file-service] [main] o.s.b.w.embedded.tomcat.TomcatWebServer  : Tomcat initialized with port 8082 (http)
2025-06-02T16:44:08.033+08:00  INFO 1 --- [file-service] [main] o.apache.catalina.core.StandardService   : Starting service [Tomcat]
2025-06-02T16:44:08.035+08:00  INFO 1 --- [file-service] [main] o.apache.catalina.core.StandardEngine    : Starting Servlet engine: [Apache Tomcat/10.1.40]
2025-06-02T16:44:08.093+08:00  INFO 1 --- [file-service] [main] o.a.c.c.C.[Tomcat].[localhost].[/]       : Initializing Spring embedded WebApplicationContext
2025-06-02T16:44:08.097+08:00  INFO 1 --- [file-service] [main] w.s.c.ServletWebServerApplicationContext : Root WebApplicationContext: initialization completed in 2030 ms
2025-06-02T16:44:09.024+08:00  WARN 1 --- [file-service] [main] .s.s.UserDetailsServiceAutoConfiguration : 

Using generated security password: 6cce45a8-aabe-4078-946a-c836256f93fa

This generated password is for development use only. Your security configuration must be updated before running your application in production.

2025-06-02T16:44:09.060+08:00  INFO 1 --- [file-service] [main] r$InitializeUserDetailsManagerConfigurer : Global AuthenticationManager configured with UserDetailsService bean with name inMemoryUserDetailsManager
2025-06-02T16:44:09.462+08:00  INFO 1 --- [file-service] [main] o.s.b.a.e.web.EndpointLinksResolver      : Exposing 3 endpoints beneath base path '/actuator'
2025-06-02T16:44:10.158+08:00  INFO 1 --- [file-service] [main] o.s.b.w.embedded.tomcat.TomcatWebServer  : Tomcat started on port 8082 (http) with context path '/'
2025-06-02T16:44:10.183+08:00  INFO 1 --- [file-service] [main] com.hunric.FileServiceApplication        : Started FileServiceApplication in 5.028 seconds (process running for 5.662)
2025-06-02T16:44:14.739+08:00  INFO 1 --- [file-service] [http-nio-8082-exec-1] o.a.c.c.C.[Tomcat].[localhost].[/]       : Initializing Spring DispatcherServlet 'dispatcherServlet'
2025-06-02T16:46:26.165+08:00  INFO 1 --- [file-service] [SpringApplicationShutdownHook] o.s.b.w.e.tomcat.GracefulShutdown        : Commencing graceful shutdown. Waiting for active requests to complete
2025-06-02T16:46:26.172+08:00  INFO 1 --- [file-service] [tomcat-shutdown] o.s.b.w.e.tomcat.GracefulShutdown        : Graceful shutdown complete
2025-06-02T16:53:08.768+08:00  INFO 1 --- [file-service] [main] com.hunric.FileServiceApplication        : Starting FileServiceApplication v0.0.1-SNAPSHOT using Java 17.0.2 with PID 1 (/app/app.jar started by appuser in /app)
2025-06-02T16:53:08.774+08:00  INFO 1 --- [file-service] [main] com.hunric.FileServiceApplication        : The following 1 profile is active: "docker"
2025-06-02T16:53:10.175+08:00  INFO 1 --- [file-service] [main] .s.d.r.c.RepositoryConfigurationDelegate : Multiple Spring Data modules found, entering strict repository configuration mode
2025-06-02T16:53:10.178+08:00  INFO 1 --- [file-service] [main] .s.d.r.c.RepositoryConfigurationDelegate : Bootstrapping Spring Data Redis repositories in DEFAULT mode.
2025-06-02T16:53:10.225+08:00  INFO 1 --- [file-service] [main] .s.d.r.c.RepositoryConfigurationDelegate : Finished Spring Data repository scanning in 20 ms. Found 0 Redis repository interfaces.
2025-06-02T16:53:10.870+08:00  INFO 1 --- [file-service] [main] o.s.b.w.embedded.tomcat.TomcatWebServer  : Tomcat initialized with port 8082 (http)
2025-06-02T16:53:10.891+08:00  INFO 1 --- [file-service] [main] o.apache.catalina.core.StandardService   : Starting service [Tomcat]
2025-06-02T16:53:10.892+08:00  INFO 1 --- [file-service] [main] o.apache.catalina.core.StandardEngine    : Starting Servlet engine: [Apache Tomcat/10.1.40]
2025-06-02T16:53:10.935+08:00  INFO 1 --- [file-service] [main] o.a.c.c.C.[Tomcat].[localhost].[/]       : Initializing Spring embedded WebApplicationContext
2025-06-02T16:53:10.936+08:00  INFO 1 --- [file-service] [main] w.s.c.ServletWebServerApplicationContext : Root WebApplicationContext: initialization completed in 2101 ms
2025-06-02T16:53:11.850+08:00  WARN 1 --- [file-service] [main] .s.s.UserDetailsServiceAutoConfiguration : 

Using generated security password: b2ed0f69-4f1f-40b5-8d7a-73cdddc2812d

This generated password is for development use only. Your security configuration must be updated before running your application in production.

2025-06-02T16:53:11.882+08:00  INFO 1 --- [file-service] [main] r$InitializeUserDetailsManagerConfigurer : Global AuthenticationManager configured with UserDetailsService bean with name inMemoryUserDetailsManager
2025-06-02T16:53:12.319+08:00  INFO 1 --- [file-service] [main] o.s.b.a.e.web.EndpointLinksResolver      : Exposing 3 endpoints beneath base path '/actuator'
2025-06-02T16:53:12.923+08:00  INFO 1 --- [file-service] [main] o.s.b.w.embedded.tomcat.TomcatWebServer  : Tomcat started on port 8082 (http) with context path '/'
2025-06-02T16:53:12.942+08:00  INFO 1 --- [file-service] [main] com.hunric.FileServiceApplication        : Started FileServiceApplication in 5.062 seconds (process running for 5.718)
2025-06-02T16:53:17.454+08:00  INFO 1 --- [file-service] [http-nio-8082-exec-1] o.a.c.c.C.[Tomcat].[localhost].[/]       : Initializing Spring DispatcherServlet 'dispatcherServlet'
2025-06-02T16:55:09.921+08:00  INFO 1 --- [file-service] [SpringApplicationShutdownHook] o.s.b.w.e.tomcat.GracefulShutdown        : Commencing graceful shutdown. Waiting for active requests to complete
2025-06-02T16:55:09.931+08:00  INFO 1 --- [file-service] [tomcat-shutdown] o.s.b.w.e.tomcat.GracefulShutdown        : Graceful shutdown complete
2025-06-02T16:56:41.931+08:00  INFO 1 --- [file-service] [main] com.hunric.FileServiceApplication        : Starting FileServiceApplication v0.0.1-SNAPSHOT using Java 17.0.2 with PID 1 (/app/app.jar started by appuser in /app)
2025-06-02T16:56:41.936+08:00  INFO 1 --- [file-service] [main] com.hunric.FileServiceApplication        : The following 1 profile is active: "docker"
2025-06-02T16:56:41.875+08:00  INFO 1 --- [file-service] [main] .s.d.r.c.RepositoryConfigurationDelegate : Multiple Spring Data modules found, entering strict repository configuration mode
2025-06-02T16:56:41.878+08:00  INFO 1 --- [file-service] [main] .s.d.r.c.RepositoryConfigurationDelegate : Bootstrapping Spring Data Redis repositories in DEFAULT mode.
2025-06-02T16:56:41.911+08:00  INFO 1 --- [file-service] [main] .s.d.r.c.RepositoryConfigurationDelegate : Finished Spring Data repository scanning in 14 ms. Found 0 Redis repository interfaces.
2025-06-02T16:56:42.687+08:00  INFO 1 --- [file-service] [main] o.s.b.w.embedded.tomcat.TomcatWebServer  : Tomcat initialized with port 8082 (http)
2025-06-02T16:56:42.708+08:00  INFO 1 --- [file-service] [main] o.apache.catalina.core.StandardService   : Starting service [Tomcat]
2025-06-02T16:56:42.712+08:00  INFO 1 --- [file-service] [main] o.apache.catalina.core.StandardEngine    : Starting Servlet engine: [Apache Tomcat/10.1.40]
2025-06-02T16:56:42.770+08:00  INFO 1 --- [file-service] [main] o.a.c.c.C.[Tomcat].[localhost].[/]       : Initializing Spring embedded WebApplicationContext
2025-06-02T16:56:42.771+08:00  INFO 1 --- [file-service] [main] w.s.c.ServletWebServerApplicationContext : Root WebApplicationContext: initialization completed in 776 ms
2025-06-02T16:56:43.817+08:00  WARN 1 --- [file-service] [main] .s.s.UserDetailsServiceAutoConfiguration : 

Using generated security password: ea864b8a-5d05-4161-9078-2f4c6578f2c2

This generated password is for development use only. Your security configuration must be updated before running your application in production.

2025-06-02T16:56:43.853+08:00  INFO 1 --- [file-service] [main] r$InitializeUserDetailsManagerConfigurer : Global AuthenticationManager configured with UserDetailsService bean with name inMemoryUserDetailsManager
2025-06-02T16:56:44.245+08:00  INFO 1 --- [file-service] [main] o.s.b.a.e.web.EndpointLinksResolver      : Exposing 3 endpoints beneath base path '/actuator'
2025-06-02T16:56:44.829+08:00  INFO 1 --- [file-service] [main] o.s.b.w.embedded.tomcat.TomcatWebServer  : Tomcat started on port 8082 (http) with context path '/'
2025-06-02T16:56:44.848+08:00  INFO 1 --- [file-service] [main] com.hunric.FileServiceApplication        : Started FileServiceApplication in 3.757 seconds (process running for 5.754)
2025-06-02T16:56:49.282+08:00  INFO 1 --- [file-service] [http-nio-8082-exec-1] o.a.c.c.C.[Tomcat].[localhost].[/]       : Initializing Spring DispatcherServlet 'dispatcherServlet'
2025-06-02T17:01:34.322+08:00  INFO 1 --- [file-service] [SpringApplicationShutdownHook] o.s.b.w.e.tomcat.GracefulShutdown        : Commencing graceful shutdown. Waiting for active requests to complete
2025-06-02T17:01:34.335+08:00  INFO 1 --- [file-service] [tomcat-shutdown] o.s.b.w.e.tomcat.GracefulShutdown        : Graceful shutdown complete
2025-06-02T17:02:53.096+08:00  INFO 1 --- [file-service] [main] com.hunric.FileServiceApplication        : Starting FileServiceApplication v0.0.1-SNAPSHOT using Java 17.0.2 with PID 1 (/app/app.jar started by appuser in /app)
2025-06-02T17:02:53.099+08:00  INFO 1 --- [file-service] [main] com.hunric.FileServiceApplication        : The following 1 profile is active: "docker"
2025-06-02T17:02:54.363+08:00  INFO 1 --- [file-service] [main] .s.d.r.c.RepositoryConfigurationDelegate : Multiple Spring Data modules found, entering strict repository configuration mode
2025-06-02T17:02:54.370+08:00  INFO 1 --- [file-service] [main] .s.d.r.c.RepositoryConfigurationDelegate : Bootstrapping Spring Data Redis repositories in DEFAULT mode.
2025-06-02T17:02:54.401+08:00  INFO 1 --- [file-service] [main] .s.d.r.c.RepositoryConfigurationDelegate : Finished Spring Data repository scanning in 12 ms. Found 0 Redis repository interfaces.
2025-06-02T17:02:54.991+08:00  INFO 1 --- [file-service] [main] o.s.b.w.embedded.tomcat.TomcatWebServer  : Tomcat initialized with port 8082 (http)
2025-06-02T17:02:55.013+08:00  INFO 1 --- [file-service] [main] o.apache.catalina.core.StandardService   : Starting service [Tomcat]
2025-06-02T17:02:55.014+08:00  INFO 1 --- [file-service] [main] o.apache.catalina.core.StandardEngine    : Starting Servlet engine: [Apache Tomcat/10.1.40]
2025-06-02T17:02:55.053+08:00  INFO 1 --- [file-service] [main] o.a.c.c.C.[Tomcat].[localhost].[/]       : Initializing Spring embedded WebApplicationContext
2025-06-02T17:02:55.054+08:00  INFO 1 --- [file-service] [main] w.s.c.ServletWebServerApplicationContext : Root WebApplicationContext: initialization completed in 1899 ms
2025-06-02T17:02:55.967+08:00  WARN 1 --- [file-service] [main] .s.s.UserDetailsServiceAutoConfiguration : 

Using generated security password: 4760459e-96a5-4980-9cde-5cddfdcc2c5f

This generated password is for development use only. Your security configuration must be updated before running your application in production.

2025-06-02T17:02:56.000+08:00  INFO 1 --- [file-service] [main] r$InitializeUserDetailsManagerConfigurer : Global AuthenticationManager configured with UserDetailsService bean with name inMemoryUserDetailsManager
2025-06-02T17:02:56.372+08:00  INFO 1 --- [file-service] [main] o.s.b.a.e.web.EndpointLinksResolver      : Exposing 3 endpoints beneath base path '/actuator'
2025-06-02T17:02:56.941+08:00  INFO 1 --- [file-service] [main] o.s.b.w.embedded.tomcat.TomcatWebServer  : Tomcat started on port 8082 (http) with context path '/'
2025-06-02T17:02:56.963+08:00  INFO 1 --- [file-service] [main] com.hunric.FileServiceApplication        : Started FileServiceApplication in 4.152 seconds (process running for 5.309)
2025-06-02T17:03:01.829+08:00  INFO 1 --- [file-service] [http-nio-8082-exec-1] o.a.c.c.C.[Tomcat].[localhost].[/]       : Initializing Spring DispatcherServlet 'dispatcherServlet'
2025-06-02T17:07:33.610+08:00  INFO 1 --- [file-service] [SpringApplicationShutdownHook] o.s.b.w.e.tomcat.GracefulShutdown        : Commencing graceful shutdown. Waiting for active requests to complete
2025-06-02T17:07:33.620+08:00  INFO 1 --- [file-service] [tomcat-shutdown] o.s.b.w.e.tomcat.GracefulShutdown        : Graceful shutdown complete
2025-06-02T17:08:54.043+08:00  INFO 1 --- [file-service] [main] com.hunric.FileServiceApplication        : Starting FileServiceApplication v0.0.1-SNAPSHOT using Java 17.0.2 with PID 1 (/app/app.jar started by appuser in /app)
2025-06-02T17:08:54.048+08:00  INFO 1 --- [file-service] [main] com.hunric.FileServiceApplication        : The following 1 profile is active: "docker"
2025-06-02T17:08:55.432+08:00  INFO 1 --- [file-service] [main] .s.d.r.c.RepositoryConfigurationDelegate : Multiple Spring Data modules found, entering strict repository configuration mode
2025-06-02T17:08:55.439+08:00  INFO 1 --- [file-service] [main] .s.d.r.c.RepositoryConfigurationDelegate : Bootstrapping Spring Data Redis repositories in DEFAULT mode.
2025-06-02T17:08:55.480+08:00  INFO 1 --- [file-service] [main] .s.d.r.c.RepositoryConfigurationDelegate : Finished Spring Data repository scanning in 13 ms. Found 0 Redis repository interfaces.
2025-06-02T17:08:56.082+08:00  INFO 1 --- [file-service] [main] o.s.b.w.embedded.tomcat.TomcatWebServer  : Tomcat initialized with port 8082 (http)
2025-06-02T17:08:56.099+08:00  INFO 1 --- [file-service] [main] o.apache.catalina.core.StandardService   : Starting service [Tomcat]
2025-06-02T17:08:56.100+08:00  INFO 1 --- [file-service] [main] o.apache.catalina.core.StandardEngine    : Starting Servlet engine: [Apache Tomcat/10.1.40]
2025-06-02T17:08:56.144+08:00  INFO 1 --- [file-service] [main] o.a.c.c.C.[Tomcat].[localhost].[/]       : Initializing Spring embedded WebApplicationContext
2025-06-02T17:08:56.145+08:00  INFO 1 --- [file-service] [main] w.s.c.ServletWebServerApplicationContext : Root WebApplicationContext: initialization completed in 2021 ms
2025-06-02T17:08:57.017+08:00  WARN 1 --- [file-service] [main] .s.s.UserDetailsServiceAutoConfiguration : 

Using generated security password: 5dc2199e-2d58-4212-ab12-f1f510e99540

This generated password is for development use only. Your security configuration must be updated before running your application in production.

2025-06-02T17:08:57.057+08:00  INFO 1 --- [file-service] [main] r$InitializeUserDetailsManagerConfigurer : Global AuthenticationManager configured with UserDetailsService bean with name inMemoryUserDetailsManager
2025-06-02T17:08:57.453+08:00  INFO 1 --- [file-service] [main] o.s.b.a.e.web.EndpointLinksResolver      : Exposing 3 endpoints beneath base path '/actuator'
2025-06-02T17:08:58.058+08:00  INFO 1 --- [file-service] [main] o.s.b.w.embedded.tomcat.TomcatWebServer  : Tomcat started on port 8082 (http) with context path '/'
2025-06-02T17:08:58.080+08:00  INFO 1 --- [file-service] [main] com.hunric.FileServiceApplication        : Started FileServiceApplication in 4.929 seconds (process running for 5.581)
2025-06-02T17:09:02.739+08:00  INFO 1 --- [file-service] [http-nio-8082-exec-1] o.a.c.c.C.[Tomcat].[localhost].[/]       : Initializing Spring DispatcherServlet 'dispatcherServlet'
2025-06-02T17:12:29.854+08:00  INFO 1 --- [file-service] [SpringApplicationShutdownHook] o.s.b.w.e.tomcat.GracefulShutdown        : Commencing graceful shutdown. Waiting for active requests to complete
2025-06-02T17:12:29.864+08:00  INFO 1 --- [file-service] [tomcat-shutdown] o.s.b.w.e.tomcat.GracefulShutdown        : Graceful shutdown complete
